<?xml version="1.0" encoding="UTF-8"?>
<!-- Generated by org.testng.reporters.JUnitReportReporter -->
<testsuite hostname="LIN-PG02TNNF" failures="0" tests="1" name="seleniumcode.Testing" time="9.496" errors="0" timestamp="2024-03-12T10:31:23 IST" skipped="0">
  <testcase classname="seleniumcode.Testing" name="f" time="9.496"/>
</testsuite> <!-- seleniumcode.Testing -->
