<?xml version="1.0" encoding="UTF-8"?>
<!-- Generated by org.testng.reporters.JUnitReportReporter -->
<testsuite hostname="LIN-PG02TNNF" failures="0" tests="1" name="Pages.AssertionTest" time="0.016" errors="0" timestamp="2024-03-13T21:44:42 IST" skipped="0">
  <testcase classname="Pages.AssertionTest" name="simpleTestCase" time="0.016"/>
</testsuite> <!-- Pages.AssertionTest -->
