<?xml version="1.0" encoding="UTF-8"?>
<!-- Generated by org.testng.reporters.JUnitReportReporter -->
<testsuite hostname="LIN-PG02TNNF" failures="0" tests="5" name="Login.testingdemo" time="63.505" errors="0" timestamp="2024-03-12T11:50:37 IST" skipped="0">
  <testcase classname="Login.testingdemo" name="f" time="14.188"/>
  <testcase classname="Login.testingdemo" name="f" time="13.601"/>
  <testcase classname="Login.testingdemo" name="f" time="12.604"/>
  <testcase classname="Login.testingdemo" name="f" time="16.906"/>
  <testcase classname="Login.testingdemo" name="f" time="6.206"/>
</testsuite> <!-- Login.testingdemo -->
